CRITICAL - 2025-12-17 01:58:15 --> ParseError: syntax error, unexpected token "\"
[Method: GET, Route: /]
in APPPATH\Controllers\Home.php on line 9.
 1 SYSTEMPATH\Autoloader\Autoloader.php(295): CodeIgniter\Autoloader\Autoloader->includeFile('C:\\xampp\\htdocs\\ci4-arroyo\\app\\Controllers\\Home.php')
 2 SYSTEMPATH\Autoloader\Autoloader.php(271): CodeIgniter\Autoloader\Autoloader->loadInNamespace('App\\Controllers\\Home')
 3 [internal function]: CodeIgniter\Autoloader\Autoloader->loadClass('App\\Controllers\\Home')
 4 SYSTEMPATH\CodeIgniter.php(885): class_exists('\\App\\Controllers\\Home', true)
 5 SYSTEMPATH\CodeIgniter.php(494): CodeIgniter\CodeIgniter->startController()
 6 SYSTEMPATH\CodeIgniter.php(354): CodeIgniter\CodeIgniter->handleRequest(null, Object(Config\Cache), false)
 7 SYSTEMPATH\Boot.php(363): CodeIgniter\CodeIgniter->run()
 8 SYSTEMPATH\Boot.php(68): CodeIgniter\Boot::runCodeIgniter(Object(CodeIgniter\CodeIgniter))
 9 FCPATH\index.php(59): CodeIgniter\Boot::bootWeb(Object(Config\Paths))
CRITICAL - 2025-12-17 02:01:48 --> ParseError: syntax error, unexpected token "\"
[Method: GET, Route: /]
in APPPATH\Controllers\Home.php on line 9.
 1 SYSTEMPATH\Autoloader\Autoloader.php(295): CodeIgniter\Autoloader\Autoloader->includeFile('C:\\xampp\\htdocs\\ci4-arroyo\\app\\Controllers\\Home.php')
 2 SYSTEMPATH\Autoloader\Autoloader.php(271): CodeIgniter\Autoloader\Autoloader->loadInNamespace('App\\Controllers\\Home')
 3 [internal function]: CodeIgniter\Autoloader\Autoloader->loadClass('App\\Controllers\\Home')
 4 SYSTEMPATH\CodeIgniter.php(885): class_exists('\\App\\Controllers\\Home', true)
 5 SYSTEMPATH\CodeIgniter.php(494): CodeIgniter\CodeIgniter->startController()
 6 SYSTEMPATH\CodeIgniter.php(354): CodeIgniter\CodeIgniter->handleRequest(null, Object(Config\Cache), false)
 7 SYSTEMPATH\Boot.php(363): CodeIgniter\CodeIgniter->run()
 8 SYSTEMPATH\Boot.php(68): CodeIgniter\Boot::runCodeIgniter(Object(CodeIgniter\CodeIgniter))
 9 FCPATH\index.php(59): CodeIgniter\Boot::bootWeb(Object(Config\Paths))
CRITICAL - 2025-12-17 03:16:05 --> Error: Class "App\Controllers\Controller" not found
[Method: GET, Route: employees]
in APPPATH\Controllers\EmployeesController.php on line 7.
 1 SYSTEMPATH\Autoloader\Autoloader.php(315): include_once()
 2 SYSTEMPATH\Autoloader\Autoloader.php(295): CodeIgniter\Autoloader\Autoloader->includeFile('C:\\xampp\\htdocs\\ci4-arroyo\\app\\Controllers\\EmployeesController.php')
 3 SYSTEMPATH\Autoloader\Autoloader.php(271): CodeIgniter\Autoloader\Autoloader->loadInNamespace('App\\Controllers\\EmployeesController')
 4 [internal function]: CodeIgniter\Autoloader\Autoloader->loadClass('App\\Controllers\\EmployeesController')
 5 SYSTEMPATH\CodeIgniter.php(885): class_exists('\\App\\Controllers\\EmployeesController', true)
 6 SYSTEMPATH\CodeIgniter.php(494): CodeIgniter\CodeIgniter->startController()
 7 SYSTEMPATH\CodeIgniter.php(354): CodeIgniter\CodeIgniter->handleRequest(null, Object(Config\Cache), false)
 8 SYSTEMPATH\Boot.php(363): CodeIgniter\CodeIgniter->run()
 9 SYSTEMPATH\Boot.php(68): CodeIgniter\Boot::runCodeIgniter(Object(CodeIgniter\CodeIgniter))
10 FCPATH\index.php(59): CodeIgniter\Boot::bootWeb(Object(Config\Paths))
CRITICAL - 2025-12-17 03:16:18 --> Error: Class "App\Controllers\Controller" not found
[Method: GET, Route: employees]
in APPPATH\Controllers\EmployeesController.php on line 7.
 1 SYSTEMPATH\Autoloader\Autoloader.php(315): include_once()
 2 SYSTEMPATH\Autoloader\Autoloader.php(295): CodeIgniter\Autoloader\Autoloader->includeFile('C:\\xampp\\htdocs\\ci4-arroyo\\app\\Controllers\\EmployeesController.php')
 3 SYSTEMPATH\Autoloader\Autoloader.php(271): CodeIgniter\Autoloader\Autoloader->loadInNamespace('App\\Controllers\\EmployeesController')
 4 [internal function]: CodeIgniter\Autoloader\Autoloader->loadClass('App\\Controllers\\EmployeesController')
 5 SYSTEMPATH\CodeIgniter.php(885): class_exists('\\App\\Controllers\\EmployeesController', true)
 6 SYSTEMPATH\CodeIgniter.php(494): CodeIgniter\CodeIgniter->startController()
 7 SYSTEMPATH\CodeIgniter.php(354): CodeIgniter\CodeIgniter->handleRequest(null, Object(Config\Cache), false)
 8 SYSTEMPATH\Boot.php(363): CodeIgniter\CodeIgniter->run()
 9 SYSTEMPATH\Boot.php(68): CodeIgniter\Boot::runCodeIgniter(Object(CodeIgniter\CodeIgniter))
10 FCPATH\index.php(59): CodeIgniter\Boot::bootWeb(Object(Config\Paths))
CRITICAL - 2025-12-17 03:16:22 --> Error: Class "App\Controllers\Controller" not found
[Method: GET, Route: employees]
in APPPATH\Controllers\EmployeesController.php on line 7.
 1 SYSTEMPATH\Autoloader\Autoloader.php(315): include_once()
 2 SYSTEMPATH\Autoloader\Autoloader.php(295): CodeIgniter\Autoloader\Autoloader->includeFile('C:\\xampp\\htdocs\\ci4-arroyo\\app\\Controllers\\EmployeesController.php')
 3 SYSTEMPATH\Autoloader\Autoloader.php(271): CodeIgniter\Autoloader\Autoloader->loadInNamespace('App\\Controllers\\EmployeesController')
 4 [internal function]: CodeIgniter\Autoloader\Autoloader->loadClass('App\\Controllers\\EmployeesController')
 5 SYSTEMPATH\CodeIgniter.php(885): class_exists('\\App\\Controllers\\EmployeesController', true)
 6 SYSTEMPATH\CodeIgniter.php(494): CodeIgniter\CodeIgniter->startController()
 7 SYSTEMPATH\CodeIgniter.php(354): CodeIgniter\CodeIgniter->handleRequest(null, Object(Config\Cache), false)
 8 SYSTEMPATH\Boot.php(363): CodeIgniter\CodeIgniter->run()
 9 SYSTEMPATH\Boot.php(68): CodeIgniter\Boot::runCodeIgniter(Object(CodeIgniter\CodeIgniter))
10 FCPATH\index.php(59): CodeIgniter\Boot::bootWeb(Object(Config\Paths))
CRITICAL - 2025-12-17 03:18:31 --> Error: Class "App\Controllers\Controller" not found
[Method: GET, Route: employees]
in APPPATH\Controllers\EmployeesController.php on line 7.
 1 SYSTEMPATH\Autoloader\Autoloader.php(315): include_once()
 2 SYSTEMPATH\Autoloader\Autoloader.php(295): CodeIgniter\Autoloader\Autoloader->includeFile('C:\\xampp\\htdocs\\ci4-arroyo\\app\\Controllers\\EmployeesController.php')
 3 SYSTEMPATH\Autoloader\Autoloader.php(271): CodeIgniter\Autoloader\Autoloader->loadInNamespace('App\\Controllers\\EmployeesController')
 4 [internal function]: CodeIgniter\Autoloader\Autoloader->loadClass('App\\Controllers\\EmployeesController')
 5 SYSTEMPATH\CodeIgniter.php(885): class_exists('\\App\\Controllers\\EmployeesController', true)
 6 SYSTEMPATH\CodeIgniter.php(494): CodeIgniter\CodeIgniter->startController()
 7 SYSTEMPATH\CodeIgniter.php(354): CodeIgniter\CodeIgniter->handleRequest(null, Object(Config\Cache), false)
 8 SYSTEMPATH\Boot.php(363): CodeIgniter\CodeIgniter->run()
 9 SYSTEMPATH\Boot.php(68): CodeIgniter\Boot::runCodeIgniter(Object(CodeIgniter\CodeIgniter))
10 FCPATH\index.php(59): CodeIgniter\Boot::bootWeb(Object(Config\Paths))
CRITICAL - 2025-12-17 03:18:33 --> Error: Class "App\Controllers\Controller" not found
[Method: GET, Route: employees]
in APPPATH\Controllers\EmployeesController.php on line 7.
 1 SYSTEMPATH\Autoloader\Autoloader.php(315): include_once()
 2 SYSTEMPATH\Autoloader\Autoloader.php(295): CodeIgniter\Autoloader\Autoloader->includeFile('C:\\xampp\\htdocs\\ci4-arroyo\\app\\Controllers\\EmployeesController.php')
 3 SYSTEMPATH\Autoloader\Autoloader.php(271): CodeIgniter\Autoloader\Autoloader->loadInNamespace('App\\Controllers\\EmployeesController')
 4 [internal function]: CodeIgniter\Autoloader\Autoloader->loadClass('App\\Controllers\\EmployeesController')
 5 SYSTEMPATH\CodeIgniter.php(885): class_exists('\\App\\Controllers\\EmployeesController', true)
 6 SYSTEMPATH\CodeIgniter.php(494): CodeIgniter\CodeIgniter->startController()
 7 SYSTEMPATH\CodeIgniter.php(354): CodeIgniter\CodeIgniter->handleRequest(null, Object(Config\Cache), false)
 8 SYSTEMPATH\Boot.php(363): CodeIgniter\CodeIgniter->run()
 9 SYSTEMPATH\Boot.php(68): CodeIgniter\Boot::runCodeIgniter(Object(CodeIgniter\CodeIgniter))
10 FCPATH\index.php(59): CodeIgniter\Boot::bootWeb(Object(Config\Paths))
CRITICAL - 2025-12-17 03:19:29 --> Error: Class "App\Controllers\Controller" not found
[Method: GET, Route: employees]
in APPPATH\Controllers\EmployeesController.php on line 7.
 1 SYSTEMPATH\Autoloader\Autoloader.php(315): include_once()
 2 SYSTEMPATH\Autoloader\Autoloader.php(295): CodeIgniter\Autoloader\Autoloader->includeFile('C:\\xampp\\htdocs\\ci4-arroyo\\app\\Controllers\\EmployeesController.php')
 3 SYSTEMPATH\Autoloader\Autoloader.php(271): CodeIgniter\Autoloader\Autoloader->loadInNamespace('App\\Controllers\\EmployeesController')
 4 [internal function]: CodeIgniter\Autoloader\Autoloader->loadClass('App\\Controllers\\EmployeesController')
 5 SYSTEMPATH\CodeIgniter.php(885): class_exists('\\App\\Controllers\\EmployeesController', true)
 6 SYSTEMPATH\CodeIgniter.php(494): CodeIgniter\CodeIgniter->startController()
 7 SYSTEMPATH\CodeIgniter.php(354): CodeIgniter\CodeIgniter->handleRequest(null, Object(Config\Cache), false)
 8 SYSTEMPATH\Boot.php(363): CodeIgniter\CodeIgniter->run()
 9 SYSTEMPATH\Boot.php(68): CodeIgniter\Boot::runCodeIgniter(Object(CodeIgniter\CodeIgniter))
10 FCPATH\index.php(59): CodeIgniter\Boot::bootWeb(Object(Config\Paths))
CRITICAL - 2025-12-17 03:19:30 --> Error: Class "App\Controllers\Controller" not found
[Method: GET, Route: employees]
in APPPATH\Controllers\EmployeesController.php on line 7.
 1 SYSTEMPATH\Autoloader\Autoloader.php(315): include_once()
 2 SYSTEMPATH\Autoloader\Autoloader.php(295): CodeIgniter\Autoloader\Autoloader->includeFile('C:\\xampp\\htdocs\\ci4-arroyo\\app\\Controllers\\EmployeesController.php')
 3 SYSTEMPATH\Autoloader\Autoloader.php(271): CodeIgniter\Autoloader\Autoloader->loadInNamespace('App\\Controllers\\EmployeesController')
 4 [internal function]: CodeIgniter\Autoloader\Autoloader->loadClass('App\\Controllers\\EmployeesController')
 5 SYSTEMPATH\CodeIgniter.php(885): class_exists('\\App\\Controllers\\EmployeesController', true)
 6 SYSTEMPATH\CodeIgniter.php(494): CodeIgniter\CodeIgniter->startController()
 7 SYSTEMPATH\CodeIgniter.php(354): CodeIgniter\CodeIgniter->handleRequest(null, Object(Config\Cache), false)
 8 SYSTEMPATH\Boot.php(363): CodeIgniter\CodeIgniter->run()
 9 SYSTEMPATH\Boot.php(68): CodeIgniter\Boot::runCodeIgniter(Object(CodeIgniter\CodeIgniter))
10 FCPATH\index.php(59): CodeIgniter\Boot::bootWeb(Object(Config\Paths))
CRITICAL - 2025-12-17 03:19:30 --> Error: Class "App\Controllers\Controller" not found
[Method: GET, Route: employees]
in APPPATH\Controllers\EmployeesController.php on line 7.
 1 SYSTEMPATH\Autoloader\Autoloader.php(315): include_once()
 2 SYSTEMPATH\Autoloader\Autoloader.php(295): CodeIgniter\Autoloader\Autoloader->includeFile('C:\\xampp\\htdocs\\ci4-arroyo\\app\\Controllers\\EmployeesController.php')
 3 SYSTEMPATH\Autoloader\Autoloader.php(271): CodeIgniter\Autoloader\Autoloader->loadInNamespace('App\\Controllers\\EmployeesController')
 4 [internal function]: CodeIgniter\Autoloader\Autoloader->loadClass('App\\Controllers\\EmployeesController')
 5 SYSTEMPATH\CodeIgniter.php(885): class_exists('\\App\\Controllers\\EmployeesController', true)
 6 SYSTEMPATH\CodeIgniter.php(494): CodeIgniter\CodeIgniter->startController()
 7 SYSTEMPATH\CodeIgniter.php(354): CodeIgniter\CodeIgniter->handleRequest(null, Object(Config\Cache), false)
 8 SYSTEMPATH\Boot.php(363): CodeIgniter\CodeIgniter->run()
 9 SYSTEMPATH\Boot.php(68): CodeIgniter\Boot::runCodeIgniter(Object(CodeIgniter\CodeIgniter))
10 FCPATH\index.php(59): CodeIgniter\Boot::bootWeb(Object(Config\Paths))
CRITICAL - 2025-12-17 03:19:30 --> Error: Class "App\Controllers\Controller" not found
[Method: GET, Route: employees]
in APPPATH\Controllers\EmployeesController.php on line 7.
 1 SYSTEMPATH\Autoloader\Autoloader.php(315): include_once()
 2 SYSTEMPATH\Autoloader\Autoloader.php(295): CodeIgniter\Autoloader\Autoloader->includeFile('C:\\xampp\\htdocs\\ci4-arroyo\\app\\Controllers\\EmployeesController.php')
 3 SYSTEMPATH\Autoloader\Autoloader.php(271): CodeIgniter\Autoloader\Autoloader->loadInNamespace('App\\Controllers\\EmployeesController')
 4 [internal function]: CodeIgniter\Autoloader\Autoloader->loadClass('App\\Controllers\\EmployeesController')
 5 SYSTEMPATH\CodeIgniter.php(885): class_exists('\\App\\Controllers\\EmployeesController', true)
 6 SYSTEMPATH\CodeIgniter.php(494): CodeIgniter\CodeIgniter->startController()
 7 SYSTEMPATH\CodeIgniter.php(354): CodeIgniter\CodeIgniter->handleRequest(null, Object(Config\Cache), false)
 8 SYSTEMPATH\Boot.php(363): CodeIgniter\CodeIgniter->run()
 9 SYSTEMPATH\Boot.php(68): CodeIgniter\Boot::runCodeIgniter(Object(CodeIgniter\CodeIgniter))
10 FCPATH\index.php(59): CodeIgniter\Boot::bootWeb(Object(Config\Paths))
CRITICAL - 2025-12-17 03:20:32 --> Error: Class "App\Controllers\Controller" not found
[Method: GET, Route: employees]
in APPPATH\Controllers\EmployeesController.php on line 7.
 1 SYSTEMPATH\Autoloader\Autoloader.php(315): include_once()
 2 SYSTEMPATH\Autoloader\Autoloader.php(295): CodeIgniter\Autoloader\Autoloader->includeFile('C:\\xampp\\htdocs\\ci4-arroyo\\app\\Controllers\\EmployeesController.php')
 3 SYSTEMPATH\Autoloader\Autoloader.php(271): CodeIgniter\Autoloader\Autoloader->loadInNamespace('App\\Controllers\\EmployeesController')
 4 [internal function]: CodeIgniter\Autoloader\Autoloader->loadClass('App\\Controllers\\EmployeesController')
 5 SYSTEMPATH\CodeIgniter.php(885): class_exists('\\App\\Controllers\\EmployeesController', true)
 6 SYSTEMPATH\CodeIgniter.php(494): CodeIgniter\CodeIgniter->startController()
 7 SYSTEMPATH\CodeIgniter.php(354): CodeIgniter\CodeIgniter->handleRequest(null, Object(Config\Cache), false)
 8 SYSTEMPATH\Boot.php(363): CodeIgniter\CodeIgniter->run()
 9 SYSTEMPATH\Boot.php(68): CodeIgniter\Boot::runCodeIgniter(Object(CodeIgniter\CodeIgniter))
10 FCPATH\index.php(59): CodeIgniter\Boot::bootWeb(Object(Config\Paths))
CRITICAL - 2025-12-17 03:20:34 --> Error: Class "App\Controllers\Controller" not found
[Method: GET, Route: employees]
in APPPATH\Controllers\EmployeesController.php on line 7.
 1 SYSTEMPATH\Autoloader\Autoloader.php(315): include_once()
 2 SYSTEMPATH\Autoloader\Autoloader.php(295): CodeIgniter\Autoloader\Autoloader->includeFile('C:\\xampp\\htdocs\\ci4-arroyo\\app\\Controllers\\EmployeesController.php')
 3 SYSTEMPATH\Autoloader\Autoloader.php(271): CodeIgniter\Autoloader\Autoloader->loadInNamespace('App\\Controllers\\EmployeesController')
 4 [internal function]: CodeIgniter\Autoloader\Autoloader->loadClass('App\\Controllers\\EmployeesController')
 5 SYSTEMPATH\CodeIgniter.php(885): class_exists('\\App\\Controllers\\EmployeesController', true)
 6 SYSTEMPATH\CodeIgniter.php(494): CodeIgniter\CodeIgniter->startController()
 7 SYSTEMPATH\CodeIgniter.php(354): CodeIgniter\CodeIgniter->handleRequest(null, Object(Config\Cache), false)
 8 SYSTEMPATH\Boot.php(363): CodeIgniter\CodeIgniter->run()
 9 SYSTEMPATH\Boot.php(68): CodeIgniter\Boot::runCodeIgniter(Object(CodeIgniter\CodeIgniter))
10 FCPATH\index.php(59): CodeIgniter\Boot::bootWeb(Object(Config\Paths))
CRITICAL - 2025-12-17 03:20:34 --> Error: Class "App\Controllers\Controller" not found
[Method: GET, Route: employees]
in APPPATH\Controllers\EmployeesController.php on line 7.
 1 SYSTEMPATH\Autoloader\Autoloader.php(315): include_once()
 2 SYSTEMPATH\Autoloader\Autoloader.php(295): CodeIgniter\Autoloader\Autoloader->includeFile('C:\\xampp\\htdocs\\ci4-arroyo\\app\\Controllers\\EmployeesController.php')
 3 SYSTEMPATH\Autoloader\Autoloader.php(271): CodeIgniter\Autoloader\Autoloader->loadInNamespace('App\\Controllers\\EmployeesController')
 4 [internal function]: CodeIgniter\Autoloader\Autoloader->loadClass('App\\Controllers\\EmployeesController')
 5 SYSTEMPATH\CodeIgniter.php(885): class_exists('\\App\\Controllers\\EmployeesController', true)
 6 SYSTEMPATH\CodeIgniter.php(494): CodeIgniter\CodeIgniter->startController()
 7 SYSTEMPATH\CodeIgniter.php(354): CodeIgniter\CodeIgniter->handleRequest(null, Object(Config\Cache), false)
 8 SYSTEMPATH\Boot.php(363): CodeIgniter\CodeIgniter->run()
 9 SYSTEMPATH\Boot.php(68): CodeIgniter\Boot::runCodeIgniter(Object(CodeIgniter\CodeIgniter))
10 FCPATH\index.php(59): CodeIgniter\Boot::bootWeb(Object(Config\Paths))
CRITICAL - 2025-12-17 03:20:35 --> Error: Class "App\Controllers\Controller" not found
[Method: GET, Route: employees]
in APPPATH\Controllers\EmployeesController.php on line 7.
 1 SYSTEMPATH\Autoloader\Autoloader.php(315): include_once()
 2 SYSTEMPATH\Autoloader\Autoloader.php(295): CodeIgniter\Autoloader\Autoloader->includeFile('C:\\xampp\\htdocs\\ci4-arroyo\\app\\Controllers\\EmployeesController.php')
 3 SYSTEMPATH\Autoloader\Autoloader.php(271): CodeIgniter\Autoloader\Autoloader->loadInNamespace('App\\Controllers\\EmployeesController')
 4 [internal function]: CodeIgniter\Autoloader\Autoloader->loadClass('App\\Controllers\\EmployeesController')
 5 SYSTEMPATH\CodeIgniter.php(885): class_exists('\\App\\Controllers\\EmployeesController', true)
 6 SYSTEMPATH\CodeIgniter.php(494): CodeIgniter\CodeIgniter->startController()
 7 SYSTEMPATH\CodeIgniter.php(354): CodeIgniter\CodeIgniter->handleRequest(null, Object(Config\Cache), false)
 8 SYSTEMPATH\Boot.php(363): CodeIgniter\CodeIgniter->run()
 9 SYSTEMPATH\Boot.php(68): CodeIgniter\Boot::runCodeIgniter(Object(CodeIgniter\CodeIgniter))
10 FCPATH\index.php(59): CodeIgniter\Boot::bootWeb(Object(Config\Paths))
CRITICAL - 2025-12-17 03:20:43 --> Error: Class "App\Controllers\Controller" not found
[Method: GET, Route: employees]
in APPPATH\Controllers\EmployeesController.php on line 7.
 1 SYSTEMPATH\Autoloader\Autoloader.php(315): include_once()
 2 SYSTEMPATH\Autoloader\Autoloader.php(295): CodeIgniter\Autoloader\Autoloader->includeFile('C:\\xampp\\htdocs\\ci4-arroyo\\app\\Controllers\\EmployeesController.php')
 3 SYSTEMPATH\Autoloader\Autoloader.php(271): CodeIgniter\Autoloader\Autoloader->loadInNamespace('App\\Controllers\\EmployeesController')
 4 [internal function]: CodeIgniter\Autoloader\Autoloader->loadClass('App\\Controllers\\EmployeesController')
 5 SYSTEMPATH\CodeIgniter.php(885): class_exists('\\App\\Controllers\\EmployeesController', true)
 6 SYSTEMPATH\CodeIgniter.php(494): CodeIgniter\CodeIgniter->startController()
 7 SYSTEMPATH\CodeIgniter.php(354): CodeIgniter\CodeIgniter->handleRequest(null, Object(Config\Cache), false)
 8 SYSTEMPATH\Boot.php(363): CodeIgniter\CodeIgniter->run()
 9 SYSTEMPATH\Boot.php(68): CodeIgniter\Boot::runCodeIgniter(Object(CodeIgniter\CodeIgniter))
10 FCPATH\index.php(59): CodeIgniter\Boot::bootWeb(Object(Config\Paths))
CRITICAL - 2025-12-17 03:20:44 --> Error: Class "App\Controllers\Controller" not found
[Method: GET, Route: employees]
in APPPATH\Controllers\EmployeesController.php on line 7.
 1 SYSTEMPATH\Autoloader\Autoloader.php(315): include_once()
 2 SYSTEMPATH\Autoloader\Autoloader.php(295): CodeIgniter\Autoloader\Autoloader->includeFile('C:\\xampp\\htdocs\\ci4-arroyo\\app\\Controllers\\EmployeesController.php')
 3 SYSTEMPATH\Autoloader\Autoloader.php(271): CodeIgniter\Autoloader\Autoloader->loadInNamespace('App\\Controllers\\EmployeesController')
 4 [internal function]: CodeIgniter\Autoloader\Autoloader->loadClass('App\\Controllers\\EmployeesController')
 5 SYSTEMPATH\CodeIgniter.php(885): class_exists('\\App\\Controllers\\EmployeesController', true)
 6 SYSTEMPATH\CodeIgniter.php(494): CodeIgniter\CodeIgniter->startController()
 7 SYSTEMPATH\CodeIgniter.php(354): CodeIgniter\CodeIgniter->handleRequest(null, Object(Config\Cache), false)
 8 SYSTEMPATH\Boot.php(363): CodeIgniter\CodeIgniter->run()
 9 SYSTEMPATH\Boot.php(68): CodeIgniter\Boot::runCodeIgniter(Object(CodeIgniter\CodeIgniter))
10 FCPATH\index.php(59): CodeIgniter\Boot::bootWeb(Object(Config\Paths))
CRITICAL - 2025-12-17 03:22:06 --> Error: Class "App\Controllers\Controller" not found
[Method: GET, Route: employees]
in APPPATH\Controllers\EmployeesController.php on line 7.
 1 SYSTEMPATH\Autoloader\Autoloader.php(315): include_once()
 2 SYSTEMPATH\Autoloader\Autoloader.php(295): CodeIgniter\Autoloader\Autoloader->includeFile('C:\\xampp\\htdocs\\ci4-arroyo\\app\\Controllers\\EmployeesController.php')
 3 SYSTEMPATH\Autoloader\Autoloader.php(271): CodeIgniter\Autoloader\Autoloader->loadInNamespace('App\\Controllers\\EmployeesController')
 4 [internal function]: CodeIgniter\Autoloader\Autoloader->loadClass('App\\Controllers\\EmployeesController')
 5 SYSTEMPATH\CodeIgniter.php(885): class_exists('\\App\\Controllers\\EmployeesController', true)
 6 SYSTEMPATH\CodeIgniter.php(494): CodeIgniter\CodeIgniter->startController()
 7 SYSTEMPATH\CodeIgniter.php(354): CodeIgniter\CodeIgniter->handleRequest(null, Object(Config\Cache), false)
 8 SYSTEMPATH\Boot.php(363): CodeIgniter\CodeIgniter->run()
 9 SYSTEMPATH\Boot.php(68): CodeIgniter\Boot::runCodeIgniter(Object(CodeIgniter\CodeIgniter))
10 FCPATH\index.php(59): CodeIgniter\Boot::bootWeb(Object(Config\Paths))
CRITICAL - 2025-12-17 03:38:40 --> Error: Call to undefined function form_open()
[Method: GET, Route: employees/edit/3]
in APPPATH\Views\employees\edit.php on line 17.
 1 SYSTEMPATH\View\View.php(226): include()
 2 SYSTEMPATH\View\View.php(229): CodeIgniter\View\View->CodeIgniter\View\{closure}()
 3 SYSTEMPATH\Common.php(1199): CodeIgniter\View\View->render('employees/edit', [], true)
 4 APPPATH\Controllers\EmployeesController.php(50): view('employees/edit', [...])
 5 SYSTEMPATH\CodeIgniter.php(933): App\Controllers\EmployeesController->edit('3')
 6 SYSTEMPATH\CodeIgniter.php(507): CodeIgniter\CodeIgniter->runController(Object(App\Controllers\EmployeesController))
 7 SYSTEMPATH\CodeIgniter.php(354): CodeIgniter\CodeIgniter->handleRequest(null, Object(Config\Cache), false)
 8 SYSTEMPATH\Boot.php(363): CodeIgniter\CodeIgniter->run()
 9 SYSTEMPATH\Boot.php(68): CodeIgniter\Boot::runCodeIgniter(Object(CodeIgniter\CodeIgniter))
10 FCPATH\index.php(59): CodeIgniter\Boot::bootWeb(Object(Config\Paths))
DEBUG - 2025-12-17 03:38:43 --> Session: Class initialized using 'CodeIgniter\Session\Handlers\FileHandler' driver.
DEBUG - 2025-12-17 03:38:44 --> Session: Class initialized using 'CodeIgniter\Session\Handlers\FileHandler' driver.
CRITICAL - 2025-12-17 03:38:45 --> Error: Call to undefined function form_open()
[Method: GET, Route: employees/edit/1]
in APPPATH\Views\employees\edit.php on line 17.
 1 SYSTEMPATH\View\View.php(226): include()
 2 SYSTEMPATH\View\View.php(229): CodeIgniter\View\View->CodeIgniter\View\{closure}()
 3 SYSTEMPATH\Common.php(1199): CodeIgniter\View\View->render('employees/edit', [], true)
 4 APPPATH\Controllers\EmployeesController.php(50): view('employees/edit', [...])
 5 SYSTEMPATH\CodeIgniter.php(933): App\Controllers\EmployeesController->edit('1')
 6 SYSTEMPATH\CodeIgniter.php(507): CodeIgniter\CodeIgniter->runController(Object(App\Controllers\EmployeesController))
 7 SYSTEMPATH\CodeIgniter.php(354): CodeIgniter\CodeIgniter->handleRequest(null, Object(Config\Cache), false)
 8 SYSTEMPATH\Boot.php(363): CodeIgniter\CodeIgniter->run()
 9 SYSTEMPATH\Boot.php(68): CodeIgniter\Boot::runCodeIgniter(Object(CodeIgniter\CodeIgniter))
10 FCPATH\index.php(59): CodeIgniter\Boot::bootWeb(Object(Config\Paths))
DEBUG - 2025-12-17 03:39:50 --> Session: Class initialized using 'CodeIgniter\Session\Handlers\FileHandler' driver.
DEBUG - 2025-12-17 03:41:37 --> Session: Class initialized using 'CodeIgniter\Session\Handlers\FileHandler' driver.
DEBUG - 2025-12-17 03:41:46 --> Session: Class initialized using 'CodeIgniter\Session\Handlers\FileHandler' driver.
DEBUG - 2025-12-17 03:41:47 --> Session: Class initialized using 'CodeIgniter\Session\Handlers\FileHandler' driver.
DEBUG - 2025-12-17 03:42:29 --> Session: Class initialized using 'CodeIgniter\Session\Handlers\FileHandler' driver.
DEBUG - 2025-12-17 03:42:31 --> Session: Class initialized using 'CodeIgniter\Session\Handlers\FileHandler' driver.
DEBUG - 2025-12-17 03:42:31 --> Session: Class initialized using 'CodeIgniter\Session\Handlers\FileHandler' driver.
DEBUG - 2025-12-17 03:45:47 --> Session: Class initialized using 'CodeIgniter\Session\Handlers\FileHandler' driver.
DEBUG - 2025-12-17 05:01:29 --> Session: Class initialized using 'CodeIgniter\Session\Handlers\FileHandler' driver.
DEBUG - 2025-12-17 05:04:38 --> Session: Class initialized using 'CodeIgniter\Session\Handlers\FileHandler' driver.
DEBUG - 2025-12-17 05:04:38 --> Session: Class initialized using 'CodeIgniter\Session\Handlers\FileHandler' driver.
DEBUG - 2025-12-17 05:04:47 --> Session: Class initialized using 'CodeIgniter\Session\Handlers\FileHandler' driver.
DEBUG - 2025-12-17 05:04:47 --> Session: Class initialized using 'CodeIgniter\Session\Handlers\FileHandler' driver.
DEBUG - 2025-12-17 05:04:51 --> Session: Class initialized using 'CodeIgniter\Session\Handlers\FileHandler' driver.
DEBUG - 2025-12-17 05:17:45 --> Session: Class initialized using 'CodeIgniter\Session\Handlers\FileHandler' driver.
CRITICAL - 2025-12-17 05:17:45 --> Error: Call to undefined function form_open()
[Method: GET, Route: employees]
in APPPATH\Views\employees\index.php on line 68.
 1 SYSTEMPATH\View\View.php(226): include()
 2 SYSTEMPATH\View\View.php(229): CodeIgniter\View\View->CodeIgniter\View\{closure}()
 3 SYSTEMPATH\Common.php(1199): CodeIgniter\View\View->render('employees/index', [], true)
 4 APPPATH\Controllers\EmployeesController.php(22): view('employees/index', [...])
 5 SYSTEMPATH\CodeIgniter.php(933): App\Controllers\EmployeesController->index()
 6 SYSTEMPATH\CodeIgniter.php(507): CodeIgniter\CodeIgniter->runController(Object(App\Controllers\EmployeesController))
 7 SYSTEMPATH\CodeIgniter.php(354): CodeIgniter\CodeIgniter->handleRequest(null, Object(Config\Cache), false)
 8 SYSTEMPATH\Boot.php(363): CodeIgniter\CodeIgniter->run()
 9 SYSTEMPATH\Boot.php(68): CodeIgniter\Boot::runCodeIgniter(Object(CodeIgniter\CodeIgniter))
10 FCPATH\index.php(59): CodeIgniter\Boot::bootWeb(Object(Config\Paths))
DEBUG - 2025-12-17 05:18:50 --> Session: Class initialized using 'CodeIgniter\Session\Handlers\FileHandler' driver.
DEBUG - 2025-12-17 05:19:15 --> Session: Class initialized using 'CodeIgniter\Session\Handlers\FileHandler' driver.
DEBUG - 2025-12-17 05:19:18 --> Session: Class initialized using 'CodeIgniter\Session\Handlers\FileHandler' driver.
DEBUG - 2025-12-17 05:24:29 --> Session: Class initialized using 'CodeIgniter\Session\Handlers\FileHandler' driver.
CRITICAL - 2025-12-17 05:25:26 --> CodeIgniter\View\Exceptions\ViewException: Invalid file: "employees/main.php"
[Method: GET, Route: employees]
in SYSTEMPATH\Exceptions\FrameworkException.php on line 39.
 1 SYSTEMPATH\View\View.php(214): CodeIgniter\Exceptions\FrameworkException::forInvalidFile('employees/main.php')
 2 SYSTEMPATH\View\View.php(242): CodeIgniter\View\View->render('employees/main', [], true)
 3 SYSTEMPATH\Common.php(1199): CodeIgniter\View\View->render('employees/index', [], true)
 4 APPPATH\Controllers\EmployeesController.php(25): view('employees/index', [...])
 5 SYSTEMPATH\CodeIgniter.php(933): App\Controllers\EmployeesController->index()
 6 SYSTEMPATH\CodeIgniter.php(507): CodeIgniter\CodeIgniter->runController(Object(App\Controllers\EmployeesController))
 7 SYSTEMPATH\CodeIgniter.php(354): CodeIgniter\CodeIgniter->handleRequest(null, Object(Config\Cache), false)
 8 SYSTEMPATH\Boot.php(363): CodeIgniter\CodeIgniter->run()
 9 SYSTEMPATH\Boot.php(68): CodeIgniter\Boot::runCodeIgniter(Object(CodeIgniter\CodeIgniter))
10 FCPATH\index.php(59): CodeIgniter\Boot::bootWeb(Object(Config\Paths))
DEBUG - 2025-12-17 05:27:48 --> Session: Class initialized using 'CodeIgniter\Session\Handlers\FileHandler' driver.
DEBUG - 2025-12-17 05:40:34 --> Session: Class initialized using 'CodeIgniter\Session\Handlers\FileHandler' driver.
DEBUG - 2025-12-17 05:40:37 --> Session: Class initialized using 'CodeIgniter\Session\Handlers\FileHandler' driver.
DEBUG - 2025-12-17 05:40:42 --> Session: Class initialized using 'CodeIgniter\Session\Handlers\FileHandler' driver.
DEBUG - 2025-12-17 05:40:45 --> Session: Class initialized using 'CodeIgniter\Session\Handlers\FileHandler' driver.
DEBUG - 2025-12-17 05:42:08 --> Session: Class initialized using 'CodeIgniter\Session\Handlers\FileHandler' driver.
DEBUG - 2025-12-17 05:42:10 --> Session: Class initialized using 'CodeIgniter\Session\Handlers\FileHandler' driver.
DEBUG - 2025-12-17 05:42:13 --> Session: Class initialized using 'CodeIgniter\Session\Handlers\FileHandler' driver.
DEBUG - 2025-12-17 05:42:16 --> Session: Class initialized using 'CodeIgniter\Session\Handlers\FileHandler' driver.
DEBUG - 2025-12-17 05:42:18 --> Session: Class initialized using 'CodeIgniter\Session\Handlers\FileHandler' driver.
DEBUG - 2025-12-17 05:44:16 --> Session: Class initialized using 'CodeIgniter\Session\Handlers\FileHandler' driver.
DEBUG - 2025-12-17 05:44:20 --> Session: Class initialized using 'CodeIgniter\Session\Handlers\FileHandler' driver.
DEBUG - 2025-12-17 05:44:24 --> Session: Class initialized using 'CodeIgniter\Session\Handlers\FileHandler' driver.
DEBUG - 2025-12-17 05:44:27 --> Session: Class initialized using 'CodeIgniter\Session\Handlers\FileHandler' driver.
DEBUG - 2025-12-17 05:44:29 --> Session: Class initialized using 'CodeIgniter\Session\Handlers\FileHandler' driver.
DEBUG - 2025-12-17 05:44:42 --> Session: Class initialized using 'CodeIgniter\Session\Handlers\FileHandler' driver.
DEBUG - 2025-12-17 05:45:27 --> Session: Class initialized using 'CodeIgniter\Session\Handlers\FileHandler' driver.
DEBUG - 2025-12-17 05:45:27 --> Session: Class initialized using 'CodeIgniter\Session\Handlers\FileHandler' driver.
DEBUG - 2025-12-17 05:45:32 --> Session: Class initialized using 'CodeIgniter\Session\Handlers\FileHandler' driver.
DEBUG - 2025-12-17 05:45:32 --> Session: Class initialized using 'CodeIgniter\Session\Handlers\FileHandler' driver.
DEBUG - 2025-12-17 05:45:37 --> Session: Class initialized using 'CodeIgniter\Session\Handlers\FileHandler' driver.
DEBUG - 2025-12-17 05:48:41 --> Session: Class initialized using 'CodeIgniter\Session\Handlers\FileHandler' driver.
CRITICAL - 2025-12-17 05:57:49 --> ErrorException: Undefined variable $employee
[Method: GET, Route: employees]
in APPPATH\Views\employees\index.php on line 24.
 1 APPPATH\Views\employees\index.php(24): CodeIgniter\Debug\Exceptions->errorHandler(2, 'Undefined variable $employee', 'C:\\xampp\\htdocs\\ci4-arroyo\\app\\Views\\employees\\index.php', 24)
 2 SYSTEMPATH\View\View.php(226): include('C:\\xampp\\htdocs\\ci4-arroyo\\app\\Views\\employees\\index.php')
 3 SYSTEMPATH\View\View.php(229): CodeIgniter\View\View->CodeIgniter\View\{closure}()
 4 SYSTEMPATH\Common.php(1199): CodeIgniter\View\View->render('employees/index', [], true)
 5 APPPATH\Controllers\EmployeesController.php(24): view('employees/index', [...])
 6 SYSTEMPATH\CodeIgniter.php(933): App\Controllers\EmployeesController->index()
 7 SYSTEMPATH\CodeIgniter.php(507): CodeIgniter\CodeIgniter->runController(Object(App\Controllers\EmployeesController))
 8 SYSTEMPATH\CodeIgniter.php(354): CodeIgniter\CodeIgniter->handleRequest(null, Object(Config\Cache), false)
 9 SYSTEMPATH\Boot.php(363): CodeIgniter\CodeIgniter->run()
10 SYSTEMPATH\Boot.php(68): CodeIgniter\Boot::runCodeIgniter(Object(CodeIgniter\CodeIgniter))
11 FCPATH\index.php(59): CodeIgniter\Boot::bootWeb(Object(Config\Paths))
CRITICAL - 2025-12-17 08:32:17 --> ErrorException: Undefined variable $employee
[Method: GET, Route: employees]
in APPPATH\Views\employees\index.php on line 24.
 1 APPPATH\Views\employees\index.php(24): CodeIgniter\Debug\Exceptions->errorHandler(2, 'Undefined variable $employee', 'C:\\xampp\\htdocs\\ci4-arroyo\\app\\Views\\employees\\index.php', 24)
 2 SYSTEMPATH\View\View.php(226): include('C:\\xampp\\htdocs\\ci4-arroyo\\app\\Views\\employees\\index.php')
 3 SYSTEMPATH\View\View.php(229): CodeIgniter\View\View->CodeIgniter\View\{closure}()
 4 SYSTEMPATH\Common.php(1199): CodeIgniter\View\View->render('employees/index', [], true)
 5 APPPATH\Controllers\EmployeesController.php(24): view('employees/index', [...])
 6 SYSTEMPATH\CodeIgniter.php(933): App\Controllers\EmployeesController->index()
 7 SYSTEMPATH\CodeIgniter.php(507): CodeIgniter\CodeIgniter->runController(Object(App\Controllers\EmployeesController))
 8 SYSTEMPATH\CodeIgniter.php(354): CodeIgniter\CodeIgniter->handleRequest(null, Object(Config\Cache), false)
 9 SYSTEMPATH\Boot.php(363): CodeIgniter\CodeIgniter->run()
10 SYSTEMPATH\Boot.php(68): CodeIgniter\Boot::runCodeIgniter(Object(CodeIgniter\CodeIgniter))
11 FCPATH\index.php(59): CodeIgniter\Boot::bootWeb(Object(Config\Paths))
DEBUG - 2025-12-17 08:33:07 --> Session: Class initialized using 'CodeIgniter\Session\Handlers\FileHandler' driver.
DEBUG - 2025-12-17 08:36:03 --> Session: Class initialized using 'CodeIgniter\Session\Handlers\FileHandler' driver.
DEBUG - 2025-12-17 08:36:11 --> Session: Class initialized using 'CodeIgniter\Session\Handlers\FileHandler' driver.
DEBUG - 2025-12-17 08:36:12 --> Session: Class initialized using 'CodeIgniter\Session\Handlers\FileHandler' driver.
DEBUG - 2025-12-17 08:36:13 --> Session: Class initialized using 'CodeIgniter\Session\Handlers\FileHandler' driver.
DEBUG - 2025-12-17 09:23:12 --> Session: Class initialized using 'CodeIgniter\Session\Handlers\FileHandler' driver.
DEBUG - 2025-12-17 09:24:41 --> Session: Class initialized using 'CodeIgniter\Session\Handlers\FileHandler' driver.
DEBUG - 2025-12-17 09:24:41 --> Session: Class initialized using 'CodeIgniter\Session\Handlers\FileHandler' driver.
DEBUG - 2025-12-17 09:35:38 --> Session: Class initialized using 'CodeIgniter\Session\Handlers\FileHandler' driver.
DEBUG - 2025-12-17 09:35:56 --> Session: Class initialized using 'CodeIgniter\Session\Handlers\FileHandler' driver.
DEBUG - 2025-12-17 09:38:34 --> Session: Class initialized using 'CodeIgniter\Session\Handlers\FileHandler' driver.
DEBUG - 2025-12-17 09:40:11 --> Session: Class initialized using 'CodeIgniter\Session\Handlers\FileHandler' driver.
DEBUG - 2025-12-17 09:41:32 --> Session: Class initialized using 'CodeIgniter\Session\Handlers\FileHandler' driver.
DEBUG - 2025-12-17 09:42:53 --> Session: Class initialized using 'CodeIgniter\Session\Handlers\FileHandler' driver.
DEBUG - 2025-12-17 09:43:08 --> Session: Class initialized using 'CodeIgniter\Session\Handlers\FileHandler' driver.
DEBUG - 2025-12-17 09:43:08 --> Session: Class initialized using 'CodeIgniter\Session\Handlers\FileHandler' driver.
DEBUG - 2025-12-17 09:43:12 --> Session: Class initialized using 'CodeIgniter\Session\Handlers\FileHandler' driver.
DEBUG - 2025-12-17 09:43:12 --> Session: Class initialized using 'CodeIgniter\Session\Handlers\FileHandler' driver.
DEBUG - 2025-12-17 09:43:14 --> Session: Class initialized using 'CodeIgniter\Session\Handlers\FileHandler' driver.
DEBUG - 2025-12-17 09:43:14 --> Session: Class initialized using 'CodeIgniter\Session\Handlers\FileHandler' driver.
DEBUG - 2025-12-17 09:43:15 --> Session: Class initialized using 'CodeIgniter\Session\Handlers\FileHandler' driver.
DEBUG - 2025-12-17 09:43:59 --> Session: Class initialized using 'CodeIgniter\Session\Handlers\FileHandler' driver.
DEBUG - 2025-12-17 09:46:20 --> Session: Class initialized using 'CodeIgniter\Session\Handlers\FileHandler' driver.
DEBUG - 2025-12-17 09:47:14 --> Session: Class initialized using 'CodeIgniter\Session\Handlers\FileHandler' driver.
DEBUG - 2025-12-17 09:47:49 --> Session: Class initialized using 'CodeIgniter\Session\Handlers\FileHandler' driver.
DEBUG - 2025-12-17 09:47:50 --> Session: Class initialized using 'CodeIgniter\Session\Handlers\FileHandler' driver.
DEBUG - 2025-12-17 09:47:53 --> Session: Class initialized using 'CodeIgniter\Session\Handlers\FileHandler' driver.
DEBUG - 2025-12-17 09:48:12 --> Session: Class initialized using 'CodeIgniter\Session\Handlers\FileHandler' driver.
DEBUG - 2025-12-17 09:48:13 --> Session: Class initialized using 'CodeIgniter\Session\Handlers\FileHandler' driver.
DEBUG - 2025-12-17 09:48:17 --> Session: Class initialized using 'CodeIgniter\Session\Handlers\FileHandler' driver.
DEBUG - 2025-12-17 09:49:46 --> Session: Class initialized using 'CodeIgniter\Session\Handlers\FileHandler' driver.
DEBUG - 2025-12-17 09:49:48 --> Session: Class initialized using 'CodeIgniter\Session\Handlers\FileHandler' driver.
DEBUG - 2025-12-17 09:49:48 --> Session: Class initialized using 'CodeIgniter\Session\Handlers\FileHandler' driver.
DEBUG - 2025-12-17 09:49:49 --> Session: Class initialized using 'CodeIgniter\Session\Handlers\FileHandler' driver.
DEBUG - 2025-12-17 09:51:45 --> Session: Class initialized using 'CodeIgniter\Session\Handlers\FileHandler' driver.
DEBUG - 2025-12-17 09:51:54 --> Session: Class initialized using 'CodeIgniter\Session\Handlers\FileHandler' driver.
DEBUG - 2025-12-17 09:52:06 --> Session: Class initialized using 'CodeIgniter\Session\Handlers\FileHandler' driver.
DEBUG - 2025-12-17 09:53:23 --> Session: Class initialized using 'CodeIgniter\Session\Handlers\FileHandler' driver.
CRITICAL - 2025-12-17 09:55:51 --> Error: Class "CodeIgniter\Config\Pager" not found
[Method: GET, Route: employees]
in APPPATH\Config\Pager.php on line 7.
 1 SYSTEMPATH\Autoloader\Autoloader.php(315): include_once()
 2 SYSTEMPATH\Autoloader\Autoloader.php(295): CodeIgniter\Autoloader\Autoloader->includeFile('C:\\xampp\\htdocs\\ci4-arroyo\\app\\Config\\Pager.php')
 3 SYSTEMPATH\Autoloader\Autoloader.php(271): CodeIgniter\Autoloader\Autoloader->loadInNamespace('Config\\Pager')
 4 [internal function]: CodeIgniter\Autoloader\Autoloader->loadClass('Config\\Pager')
 5 SYSTEMPATH\Config\Factories.php(298): class_exists('Config\\Pager')
 6 SYSTEMPATH\Config\Factories.php(217): CodeIgniter\Config\Factories::locateClass([...], 'Config\\Pager')
 7 SYSTEMPATH\Config\Factories.php(160): CodeIgniter\Config\Factories::getDefinedInstance([...], 'Config\\Pager', [])
 8 SYSTEMPATH\Config\Factories.php(189): CodeIgniter\Config\Factories::__callStatic('config', [])
 9 SYSTEMPATH\Common.php(208): CodeIgniter\Config\Factories::get('config', 'Config\\Pager')
10 SYSTEMPATH\Config\Services.php(470): config('Config\\Pager')
11 SYSTEMPATH\Config\BaseService.php(312): CodeIgniter\Config\Services::pager(null, null, false)
12 SYSTEMPATH\Config\BaseService.php(251): CodeIgniter\Config\BaseService::__callStatic('pager', [...])
13 SYSTEMPATH\Config\Services.php(467): CodeIgniter\Config\BaseService::getSharedInstance('pager', null, null)
14 SYSTEMPATH\Config\BaseService.php(321): CodeIgniter\Config\Services::pager()
15 SYSTEMPATH\Config\BaseService.php(202): CodeIgniter\Config\BaseService::__callStatic('pager', [])
16 SYSTEMPATH\Common.php(1027): CodeIgniter\Config\BaseService::get('pager')
17 SYSTEMPATH\BaseModel.php(1242): service('pager')
18 APPPATH\Controllers\EmployeesController.php(20): CodeIgniter\BaseModel->paginate(15)
19 SYSTEMPATH\CodeIgniter.php(933): App\Controllers\EmployeesController->index()
20 SYSTEMPATH\CodeIgniter.php(507): CodeIgniter\CodeIgniter->runController(Object(App\Controllers\EmployeesController))
21 SYSTEMPATH\CodeIgniter.php(354): CodeIgniter\CodeIgniter->handleRequest(null, Object(Config\Cache), false)
22 SYSTEMPATH\Boot.php(363): CodeIgniter\CodeIgniter->run()
23 SYSTEMPATH\Boot.php(68): CodeIgniter\Boot::runCodeIgniter(Object(CodeIgniter\CodeIgniter))
24 FCPATH\index.php(59): CodeIgniter\Boot::bootWeb(Object(Config\Paths))
CRITICAL - 2025-12-17 09:56:45 --> ArgumentCountError: Too few arguments to function CodeIgniter\Pager\Pager::__construct(), 0 passed in C:\xampp\htdocs\ci4-arroyo\system\Config\Factories.php on line 236 and exactly 2 expected
[Method: GET, Route: employees]
in SYSTEMPATH\Pager\Pager.php on line 72.
 1 SYSTEMPATH\Config\Factories.php(236): CodeIgniter\Pager\Pager->__construct()
 2 SYSTEMPATH\Config\Factories.php(170): CodeIgniter\Config\Factories::createInstance('config', 'Config\\Pager', [])
 3 SYSTEMPATH\Config\Factories.php(189): CodeIgniter\Config\Factories::__callStatic('config', [])
 4 SYSTEMPATH\Common.php(208): CodeIgniter\Config\Factories::get('config', 'Config\\Pager')
 5 SYSTEMPATH\Config\Services.php(470): config('Config\\Pager')
 6 SYSTEMPATH\Config\BaseService.php(312): CodeIgniter\Config\Services::pager(null, null, false)
 7 SYSTEMPATH\Config\BaseService.php(251): CodeIgniter\Config\BaseService::__callStatic('pager', [...])
 8 SYSTEMPATH\Config\Services.php(467): CodeIgniter\Config\BaseService::getSharedInstance('pager', null, null)
 9 SYSTEMPATH\Config\BaseService.php(321): CodeIgniter\Config\Services::pager()
10 SYSTEMPATH\Config\BaseService.php(202): CodeIgniter\Config\BaseService::__callStatic('pager', [])
11 SYSTEMPATH\Common.php(1027): CodeIgniter\Config\BaseService::get('pager')
12 SYSTEMPATH\BaseModel.php(1242): service('pager')
13 APPPATH\Controllers\EmployeesController.php(20): CodeIgniter\BaseModel->paginate(15)
14 SYSTEMPATH\CodeIgniter.php(933): App\Controllers\EmployeesController->index()
15 SYSTEMPATH\CodeIgniter.php(507): CodeIgniter\CodeIgniter->runController(Object(App\Controllers\EmployeesController))
16 SYSTEMPATH\CodeIgniter.php(354): CodeIgniter\CodeIgniter->handleRequest(null, Object(Config\Cache), false)
17 SYSTEMPATH\Boot.php(363): CodeIgniter\CodeIgniter->run()
18 SYSTEMPATH\Boot.php(68): CodeIgniter\Boot::runCodeIgniter(Object(CodeIgniter\CodeIgniter))
19 FCPATH\index.php(59): CodeIgniter\Boot::bootWeb(Object(Config\Paths))
CRITICAL - 2025-12-17 09:56:47 --> ArgumentCountError: Too few arguments to function CodeIgniter\Pager\Pager::__construct(), 0 passed in C:\xampp\htdocs\ci4-arroyo\system\Config\Factories.php on line 236 and exactly 2 expected
[Method: GET, Route: employees]
in SYSTEMPATH\Pager\Pager.php on line 72.
 1 SYSTEMPATH\Config\Factories.php(236): CodeIgniter\Pager\Pager->__construct()
 2 SYSTEMPATH\Config\Factories.php(170): CodeIgniter\Config\Factories::createInstance('config', 'Config\\Pager', [])
 3 SYSTEMPATH\Config\Factories.php(189): CodeIgniter\Config\Factories::__callStatic('config', [])
 4 SYSTEMPATH\Common.php(208): CodeIgniter\Config\Factories::get('config', 'Config\\Pager')
 5 SYSTEMPATH\Config\Services.php(470): config('Config\\Pager')
 6 SYSTEMPATH\Config\BaseService.php(312): CodeIgniter\Config\Services::pager(null, null, false)
 7 SYSTEMPATH\Config\BaseService.php(251): CodeIgniter\Config\BaseService::__callStatic('pager', [...])
 8 SYSTEMPATH\Config\Services.php(467): CodeIgniter\Config\BaseService::getSharedInstance('pager', null, null)
 9 SYSTEMPATH\Config\BaseService.php(321): CodeIgniter\Config\Services::pager()
10 SYSTEMPATH\Config\BaseService.php(202): CodeIgniter\Config\BaseService::__callStatic('pager', [])
11 SYSTEMPATH\Common.php(1027): CodeIgniter\Config\BaseService::get('pager')
12 SYSTEMPATH\BaseModel.php(1242): service('pager')
13 APPPATH\Controllers\EmployeesController.php(20): CodeIgniter\BaseModel->paginate(15)
14 SYSTEMPATH\CodeIgniter.php(933): App\Controllers\EmployeesController->index()
15 SYSTEMPATH\CodeIgniter.php(507): CodeIgniter\CodeIgniter->runController(Object(App\Controllers\EmployeesController))
16 SYSTEMPATH\CodeIgniter.php(354): CodeIgniter\CodeIgniter->handleRequest(null, Object(Config\Cache), false)
17 SYSTEMPATH\Boot.php(363): CodeIgniter\CodeIgniter->run()
18 SYSTEMPATH\Boot.php(68): CodeIgniter\Boot::runCodeIgniter(Object(CodeIgniter\CodeIgniter))
19 FCPATH\index.php(59): CodeIgniter\Boot::bootWeb(Object(Config\Paths))
CRITICAL - 2025-12-17 09:56:48 --> ArgumentCountError: Too few arguments to function CodeIgniter\Pager\Pager::__construct(), 0 passed in C:\xampp\htdocs\ci4-arroyo\system\Config\Factories.php on line 236 and exactly 2 expected
[Method: GET, Route: employees]
in SYSTEMPATH\Pager\Pager.php on line 72.
 1 SYSTEMPATH\Config\Factories.php(236): CodeIgniter\Pager\Pager->__construct()
 2 SYSTEMPATH\Config\Factories.php(170): CodeIgniter\Config\Factories::createInstance('config', 'Config\\Pager', [])
 3 SYSTEMPATH\Config\Factories.php(189): CodeIgniter\Config\Factories::__callStatic('config', [])
 4 SYSTEMPATH\Common.php(208): CodeIgniter\Config\Factories::get('config', 'Config\\Pager')
 5 SYSTEMPATH\Config\Services.php(470): config('Config\\Pager')
 6 SYSTEMPATH\Config\BaseService.php(312): CodeIgniter\Config\Services::pager(null, null, false)
 7 SYSTEMPATH\Config\BaseService.php(251): CodeIgniter\Config\BaseService::__callStatic('pager', [...])
 8 SYSTEMPATH\Config\Services.php(467): CodeIgniter\Config\BaseService::getSharedInstance('pager', null, null)
 9 SYSTEMPATH\Config\BaseService.php(321): CodeIgniter\Config\Services::pager()
10 SYSTEMPATH\Config\BaseService.php(202): CodeIgniter\Config\BaseService::__callStatic('pager', [])
11 SYSTEMPATH\Common.php(1027): CodeIgniter\Config\BaseService::get('pager')
12 SYSTEMPATH\BaseModel.php(1242): service('pager')
13 APPPATH\Controllers\EmployeesController.php(20): CodeIgniter\BaseModel->paginate(15)
14 SYSTEMPATH\CodeIgniter.php(933): App\Controllers\EmployeesController->index()
15 SYSTEMPATH\CodeIgniter.php(507): CodeIgniter\CodeIgniter->runController(Object(App\Controllers\EmployeesController))
16 SYSTEMPATH\CodeIgniter.php(354): CodeIgniter\CodeIgniter->handleRequest(null, Object(Config\Cache), false)
17 SYSTEMPATH\Boot.php(363): CodeIgniter\CodeIgniter->run()
18 SYSTEMPATH\Boot.php(68): CodeIgniter\Boot::runCodeIgniter(Object(CodeIgniter\CodeIgniter))
19 FCPATH\index.php(59): CodeIgniter\Boot::bootWeb(Object(Config\Paths))
CRITICAL - 2025-12-17 09:56:48 --> ArgumentCountError: Too few arguments to function CodeIgniter\Pager\Pager::__construct(), 0 passed in C:\xampp\htdocs\ci4-arroyo\system\Config\Factories.php on line 236 and exactly 2 expected
[Method: GET, Route: employees]
in SYSTEMPATH\Pager\Pager.php on line 72.
 1 SYSTEMPATH\Config\Factories.php(236): CodeIgniter\Pager\Pager->__construct()
 2 SYSTEMPATH\Config\Factories.php(170): CodeIgniter\Config\Factories::createInstance('config', 'Config\\Pager', [])
 3 SYSTEMPATH\Config\Factories.php(189): CodeIgniter\Config\Factories::__callStatic('config', [])
 4 SYSTEMPATH\Common.php(208): CodeIgniter\Config\Factories::get('config', 'Config\\Pager')
 5 SYSTEMPATH\Config\Services.php(470): config('Config\\Pager')
 6 SYSTEMPATH\Config\BaseService.php(312): CodeIgniter\Config\Services::pager(null, null, false)
 7 SYSTEMPATH\Config\BaseService.php(251): CodeIgniter\Config\BaseService::__callStatic('pager', [...])
 8 SYSTEMPATH\Config\Services.php(467): CodeIgniter\Config\BaseService::getSharedInstance('pager', null, null)
 9 SYSTEMPATH\Config\BaseService.php(321): CodeIgniter\Config\Services::pager()
10 SYSTEMPATH\Config\BaseService.php(202): CodeIgniter\Config\BaseService::__callStatic('pager', [])
11 SYSTEMPATH\Common.php(1027): CodeIgniter\Config\BaseService::get('pager')
12 SYSTEMPATH\BaseModel.php(1242): service('pager')
13 APPPATH\Controllers\EmployeesController.php(20): CodeIgniter\BaseModel->paginate(15)
14 SYSTEMPATH\CodeIgniter.php(933): App\Controllers\EmployeesController->index()
15 SYSTEMPATH\CodeIgniter.php(507): CodeIgniter\CodeIgniter->runController(Object(App\Controllers\EmployeesController))
16 SYSTEMPATH\CodeIgniter.php(354): CodeIgniter\CodeIgniter->handleRequest(null, Object(Config\Cache), false)
17 SYSTEMPATH\Boot.php(363): CodeIgniter\CodeIgniter->run()
18 SYSTEMPATH\Boot.php(68): CodeIgniter\Boot::runCodeIgniter(Object(CodeIgniter\CodeIgniter))
19 FCPATH\index.php(59): CodeIgniter\Boot::bootWeb(Object(Config\Paths))
CRITICAL - 2025-12-17 09:56:50 --> ArgumentCountError: Too few arguments to function CodeIgniter\Pager\Pager::__construct(), 0 passed in C:\xampp\htdocs\ci4-arroyo\system\Config\Factories.php on line 236 and exactly 2 expected
[Method: GET, Route: employees]
in SYSTEMPATH\Pager\Pager.php on line 72.
 1 SYSTEMPATH\Config\Factories.php(236): CodeIgniter\Pager\Pager->__construct()
 2 SYSTEMPATH\Config\Factories.php(170): CodeIgniter\Config\Factories::createInstance('config', 'Config\\Pager', [])
 3 SYSTEMPATH\Config\Factories.php(189): CodeIgniter\Config\Factories::__callStatic('config', [])
 4 SYSTEMPATH\Common.php(208): CodeIgniter\Config\Factories::get('config', 'Config\\Pager')
 5 SYSTEMPATH\Config\Services.php(470): config('Config\\Pager')
 6 SYSTEMPATH\Config\BaseService.php(312): CodeIgniter\Config\Services::pager(null, null, false)
 7 SYSTEMPATH\Config\BaseService.php(251): CodeIgniter\Config\BaseService::__callStatic('pager', [...])
 8 SYSTEMPATH\Config\Services.php(467): CodeIgniter\Config\BaseService::getSharedInstance('pager', null, null)
 9 SYSTEMPATH\Config\BaseService.php(321): CodeIgniter\Config\Services::pager()
10 SYSTEMPATH\Config\BaseService.php(202): CodeIgniter\Config\BaseService::__callStatic('pager', [])
11 SYSTEMPATH\Common.php(1027): CodeIgniter\Config\BaseService::get('pager')
12 SYSTEMPATH\BaseModel.php(1242): service('pager')
13 APPPATH\Controllers\EmployeesController.php(20): CodeIgniter\BaseModel->paginate(15)
14 SYSTEMPATH\CodeIgniter.php(933): App\Controllers\EmployeesController->index()
15 SYSTEMPATH\CodeIgniter.php(507): CodeIgniter\CodeIgniter->runController(Object(App\Controllers\EmployeesController))
16 SYSTEMPATH\CodeIgniter.php(354): CodeIgniter\CodeIgniter->handleRequest(null, Object(Config\Cache), false)
17 SYSTEMPATH\Boot.php(363): CodeIgniter\CodeIgniter->run()
18 SYSTEMPATH\Boot.php(68): CodeIgniter\Boot::runCodeIgniter(Object(CodeIgniter\CodeIgniter))
19 FCPATH\index.php(59): CodeIgniter\Boot::bootWeb(Object(Config\Paths))
CRITICAL - 2025-12-17 09:57:47 --> ArgumentCountError: Too few arguments to function CodeIgniter\Pager\Pager::__construct(), 0 passed in C:\xampp\htdocs\ci4-arroyo\system\Config\Factories.php on line 236 and exactly 2 expected
[Method: GET, Route: employees]
in SYSTEMPATH\Pager\Pager.php on line 72.
 1 SYSTEMPATH\Config\Factories.php(236): CodeIgniter\Pager\Pager->__construct()
 2 SYSTEMPATH\Config\Factories.php(170): CodeIgniter\Config\Factories::createInstance('config', 'Config\\Pager', [])
 3 SYSTEMPATH\Config\Factories.php(189): CodeIgniter\Config\Factories::__callStatic('config', [])
 4 SYSTEMPATH\Common.php(208): CodeIgniter\Config\Factories::get('config', 'Config\\Pager')
 5 SYSTEMPATH\Config\Services.php(470): config('Config\\Pager')
 6 SYSTEMPATH\Config\BaseService.php(312): CodeIgniter\Config\Services::pager(null, null, false)
 7 SYSTEMPATH\Config\BaseService.php(251): CodeIgniter\Config\BaseService::__callStatic('pager', [...])
 8 SYSTEMPATH\Config\Services.php(467): CodeIgniter\Config\BaseService::getSharedInstance('pager', null, null)
 9 SYSTEMPATH\Config\BaseService.php(321): CodeIgniter\Config\Services::pager()
10 SYSTEMPATH\Config\BaseService.php(202): CodeIgniter\Config\BaseService::__callStatic('pager', [])
11 SYSTEMPATH\Common.php(1027): CodeIgniter\Config\BaseService::get('pager')
12 SYSTEMPATH\BaseModel.php(1242): service('pager')
13 APPPATH\Controllers\EmployeesController.php(20): CodeIgniter\BaseModel->paginate(15)
14 SYSTEMPATH\CodeIgniter.php(933): App\Controllers\EmployeesController->index()
15 SYSTEMPATH\CodeIgniter.php(507): CodeIgniter\CodeIgniter->runController(Object(App\Controllers\EmployeesController))
16 SYSTEMPATH\CodeIgniter.php(354): CodeIgniter\CodeIgniter->handleRequest(null, Object(Config\Cache), false)
17 SYSTEMPATH\Boot.php(363): CodeIgniter\CodeIgniter->run()
18 SYSTEMPATH\Boot.php(68): CodeIgniter\Boot::runCodeIgniter(Object(CodeIgniter\CodeIgniter))
19 FCPATH\index.php(59): CodeIgniter\Boot::bootWeb(Object(Config\Paths))
CRITICAL - 2025-12-17 09:57:50 --> ArgumentCountError: Too few arguments to function CodeIgniter\Pager\Pager::__construct(), 0 passed in C:\xampp\htdocs\ci4-arroyo\system\Config\Factories.php on line 236 and exactly 2 expected
[Method: GET, Route: employees]
in SYSTEMPATH\Pager\Pager.php on line 72.
 1 SYSTEMPATH\Config\Factories.php(236): CodeIgniter\Pager\Pager->__construct()
 2 SYSTEMPATH\Config\Factories.php(170): CodeIgniter\Config\Factories::createInstance('config', 'Config\\Pager', [])
 3 SYSTEMPATH\Config\Factories.php(189): CodeIgniter\Config\Factories::__callStatic('config', [])
 4 SYSTEMPATH\Common.php(208): CodeIgniter\Config\Factories::get('config', 'Config\\Pager')
 5 SYSTEMPATH\Config\Services.php(470): config('Config\\Pager')
 6 SYSTEMPATH\Config\BaseService.php(312): CodeIgniter\Config\Services::pager(null, null, false)
 7 SYSTEMPATH\Config\BaseService.php(251): CodeIgniter\Config\BaseService::__callStatic('pager', [...])
 8 SYSTEMPATH\Config\Services.php(467): CodeIgniter\Config\BaseService::getSharedInstance('pager', null, null)
 9 SYSTEMPATH\Config\BaseService.php(321): CodeIgniter\Config\Services::pager()
10 SYSTEMPATH\Config\BaseService.php(202): CodeIgniter\Config\BaseService::__callStatic('pager', [])
11 SYSTEMPATH\Common.php(1027): CodeIgniter\Config\BaseService::get('pager')
12 SYSTEMPATH\BaseModel.php(1242): service('pager')
13 APPPATH\Controllers\EmployeesController.php(20): CodeIgniter\BaseModel->paginate(15)
14 SYSTEMPATH\CodeIgniter.php(933): App\Controllers\EmployeesController->index()
15 SYSTEMPATH\CodeIgniter.php(507): CodeIgniter\CodeIgniter->runController(Object(App\Controllers\EmployeesController))
16 SYSTEMPATH\CodeIgniter.php(354): CodeIgniter\CodeIgniter->handleRequest(null, Object(Config\Cache), false)
17 SYSTEMPATH\Boot.php(363): CodeIgniter\CodeIgniter->run()
18 SYSTEMPATH\Boot.php(68): CodeIgniter\Boot::runCodeIgniter(Object(CodeIgniter\CodeIgniter))
19 FCPATH\index.php(59): CodeIgniter\Boot::bootWeb(Object(Config\Paths))
CRITICAL - 2025-12-17 09:57:51 --> ArgumentCountError: Too few arguments to function CodeIgniter\Pager\Pager::__construct(), 0 passed in C:\xampp\htdocs\ci4-arroyo\system\Config\Factories.php on line 236 and exactly 2 expected
[Method: GET, Route: employees]
in SYSTEMPATH\Pager\Pager.php on line 72.
 1 SYSTEMPATH\Config\Factories.php(236): CodeIgniter\Pager\Pager->__construct()
 2 SYSTEMPATH\Config\Factories.php(170): CodeIgniter\Config\Factories::createInstance('config', 'Config\\Pager', [])
 3 SYSTEMPATH\Config\Factories.php(189): CodeIgniter\Config\Factories::__callStatic('config', [])
 4 SYSTEMPATH\Common.php(208): CodeIgniter\Config\Factories::get('config', 'Config\\Pager')
 5 SYSTEMPATH\Config\Services.php(470): config('Config\\Pager')
 6 SYSTEMPATH\Config\BaseService.php(312): CodeIgniter\Config\Services::pager(null, null, false)
 7 SYSTEMPATH\Config\BaseService.php(251): CodeIgniter\Config\BaseService::__callStatic('pager', [...])
 8 SYSTEMPATH\Config\Services.php(467): CodeIgniter\Config\BaseService::getSharedInstance('pager', null, null)
 9 SYSTEMPATH\Config\BaseService.php(321): CodeIgniter\Config\Services::pager()
10 SYSTEMPATH\Config\BaseService.php(202): CodeIgniter\Config\BaseService::__callStatic('pager', [])
11 SYSTEMPATH\Common.php(1027): CodeIgniter\Config\BaseService::get('pager')
12 SYSTEMPATH\BaseModel.php(1242): service('pager')
13 APPPATH\Controllers\EmployeesController.php(20): CodeIgniter\BaseModel->paginate(15)
14 SYSTEMPATH\CodeIgniter.php(933): App\Controllers\EmployeesController->index()
15 SYSTEMPATH\CodeIgniter.php(507): CodeIgniter\CodeIgniter->runController(Object(App\Controllers\EmployeesController))
16 SYSTEMPATH\CodeIgniter.php(354): CodeIgniter\CodeIgniter->handleRequest(null, Object(Config\Cache), false)
17 SYSTEMPATH\Boot.php(363): CodeIgniter\CodeIgniter->run()
18 SYSTEMPATH\Boot.php(68): CodeIgniter\Boot::runCodeIgniter(Object(CodeIgniter\CodeIgniter))
19 FCPATH\index.php(59): CodeIgniter\Boot::bootWeb(Object(Config\Paths))
CRITICAL - 2025-12-17 09:57:51 --> ArgumentCountError: Too few arguments to function CodeIgniter\Pager\Pager::__construct(), 0 passed in C:\xampp\htdocs\ci4-arroyo\system\Config\Factories.php on line 236 and exactly 2 expected
[Method: GET, Route: employees]
in SYSTEMPATH\Pager\Pager.php on line 72.
 1 SYSTEMPATH\Config\Factories.php(236): CodeIgniter\Pager\Pager->__construct()
 2 SYSTEMPATH\Config\Factories.php(170): CodeIgniter\Config\Factories::createInstance('config', 'Config\\Pager', [])
 3 SYSTEMPATH\Config\Factories.php(189): CodeIgniter\Config\Factories::__callStatic('config', [])
 4 SYSTEMPATH\Common.php(208): CodeIgniter\Config\Factories::get('config', 'Config\\Pager')
 5 SYSTEMPATH\Config\Services.php(470): config('Config\\Pager')
 6 SYSTEMPATH\Config\BaseService.php(312): CodeIgniter\Config\Services::pager(null, null, false)
 7 SYSTEMPATH\Config\BaseService.php(251): CodeIgniter\Config\BaseService::__callStatic('pager', [...])
 8 SYSTEMPATH\Config\Services.php(467): CodeIgniter\Config\BaseService::getSharedInstance('pager', null, null)
 9 SYSTEMPATH\Config\BaseService.php(321): CodeIgniter\Config\Services::pager()
10 SYSTEMPATH\Config\BaseService.php(202): CodeIgniter\Config\BaseService::__callStatic('pager', [])
11 SYSTEMPATH\Common.php(1027): CodeIgniter\Config\BaseService::get('pager')
12 SYSTEMPATH\BaseModel.php(1242): service('pager')
13 APPPATH\Controllers\EmployeesController.php(20): CodeIgniter\BaseModel->paginate(15)
14 SYSTEMPATH\CodeIgniter.php(933): App\Controllers\EmployeesController->index()
15 SYSTEMPATH\CodeIgniter.php(507): CodeIgniter\CodeIgniter->runController(Object(App\Controllers\EmployeesController))
16 SYSTEMPATH\CodeIgniter.php(354): CodeIgniter\CodeIgniter->handleRequest(null, Object(Config\Cache), false)
17 SYSTEMPATH\Boot.php(363): CodeIgniter\CodeIgniter->run()
18 SYSTEMPATH\Boot.php(68): CodeIgniter\Boot::runCodeIgniter(Object(CodeIgniter\CodeIgniter))
19 FCPATH\index.php(59): CodeIgniter\Boot::bootWeb(Object(Config\Paths))
CRITICAL - 2025-12-17 09:57:53 --> ArgumentCountError: Too few arguments to function CodeIgniter\Pager\Pager::__construct(), 0 passed in C:\xampp\htdocs\ci4-arroyo\system\Config\Factories.php on line 236 and exactly 2 expected
[Method: GET, Route: employees]
in SYSTEMPATH\Pager\Pager.php on line 72.
 1 SYSTEMPATH\Config\Factories.php(236): CodeIgniter\Pager\Pager->__construct()
 2 SYSTEMPATH\Config\Factories.php(170): CodeIgniter\Config\Factories::createInstance('config', 'Config\\Pager', [])
 3 SYSTEMPATH\Config\Factories.php(189): CodeIgniter\Config\Factories::__callStatic('config', [])
 4 SYSTEMPATH\Common.php(208): CodeIgniter\Config\Factories::get('config', 'Config\\Pager')
 5 SYSTEMPATH\Config\Services.php(470): config('Config\\Pager')
 6 SYSTEMPATH\Config\BaseService.php(312): CodeIgniter\Config\Services::pager(null, null, false)
 7 SYSTEMPATH\Config\BaseService.php(251): CodeIgniter\Config\BaseService::__callStatic('pager', [...])
 8 SYSTEMPATH\Config\Services.php(467): CodeIgniter\Config\BaseService::getSharedInstance('pager', null, null)
 9 SYSTEMPATH\Config\BaseService.php(321): CodeIgniter\Config\Services::pager()
10 SYSTEMPATH\Config\BaseService.php(202): CodeIgniter\Config\BaseService::__callStatic('pager', [])
11 SYSTEMPATH\Common.php(1027): CodeIgniter\Config\BaseService::get('pager')
12 SYSTEMPATH\BaseModel.php(1242): service('pager')
13 APPPATH\Controllers\EmployeesController.php(20): CodeIgniter\BaseModel->paginate(15)
14 SYSTEMPATH\CodeIgniter.php(933): App\Controllers\EmployeesController->index()
15 SYSTEMPATH\CodeIgniter.php(507): CodeIgniter\CodeIgniter->runController(Object(App\Controllers\EmployeesController))
16 SYSTEMPATH\CodeIgniter.php(354): CodeIgniter\CodeIgniter->handleRequest(null, Object(Config\Cache), false)
17 SYSTEMPATH\Boot.php(363): CodeIgniter\CodeIgniter->run()
18 SYSTEMPATH\Boot.php(68): CodeIgniter\Boot::runCodeIgniter(Object(CodeIgniter\CodeIgniter))
19 FCPATH\index.php(59): CodeIgniter\Boot::bootWeb(Object(Config\Paths))
DEBUG - 2025-12-17 09:59:16 --> Session: Class initialized using 'CodeIgniter\Session\Handlers\FileHandler' driver.
DEBUG - 2025-12-17 10:01:55 --> Session: Class initialized using 'CodeIgniter\Session\Handlers\FileHandler' driver.
DEBUG - 2025-12-17 10:04:50 --> Session: Class initialized using 'CodeIgniter\Session\Handlers\FileHandler' driver.
DEBUG - 2025-12-17 10:13:59 --> Session: Class initialized using 'CodeIgniter\Session\Handlers\FileHandler' driver.
DEBUG - 2025-12-17 10:14:08 --> Session: Class initialized using 'CodeIgniter\Session\Handlers\FileHandler' driver.
DEBUG - 2025-12-17 10:16:28 --> Session: Class initialized using 'CodeIgniter\Session\Handlers\FileHandler' driver.
DEBUG - 2025-12-17 10:16:44 --> Session: Class initialized using 'CodeIgniter\Session\Handlers\FileHandler' driver.
DEBUG - 2025-12-17 10:16:57 --> Session: Class initialized using 'CodeIgniter\Session\Handlers\FileHandler' driver.
DEBUG - 2025-12-17 10:17:25 --> Session: Class initialized using 'CodeIgniter\Session\Handlers\FileHandler' driver.
DEBUG - 2025-12-17 10:17:26 --> Session: Class initialized using 'CodeIgniter\Session\Handlers\FileHandler' driver.
DEBUG - 2025-12-17 10:17:27 --> Session: Class initialized using 'CodeIgniter\Session\Handlers\FileHandler' driver.
DEBUG - 2025-12-17 10:17:28 --> Session: Class initialized using 'CodeIgniter\Session\Handlers\FileHandler' driver.
DEBUG - 2025-12-17 10:17:29 --> Session: Class initialized using 'CodeIgniter\Session\Handlers\FileHandler' driver.
DEBUG - 2025-12-17 10:17:33 --> Session: Class initialized using 'CodeIgniter\Session\Handlers\FileHandler' driver.
DEBUG - 2025-12-17 10:17:40 --> Session: Class initialized using 'CodeIgniter\Session\Handlers\FileHandler' driver.
DEBUG - 2025-12-17 10:21:21 --> Session: Class initialized using 'CodeIgniter\Session\Handlers\FileHandler' driver.
DEBUG - 2025-12-17 10:21:33 --> Session: Class initialized using 'CodeIgniter\Session\Handlers\FileHandler' driver.
DEBUG - 2025-12-17 10:21:41 --> Session: Class initialized using 'CodeIgniter\Session\Handlers\FileHandler' driver.
DEBUG - 2025-12-17 10:22:03 --> Session: Class initialized using 'CodeIgniter\Session\Handlers\FileHandler' driver.
DEBUG - 2025-12-17 10:26:37 --> Session: Class initialized using 'CodeIgniter\Session\Handlers\FileHandler' driver.
DEBUG - 2025-12-17 10:26:42 --> Session: Class initialized using 'CodeIgniter\Session\Handlers\FileHandler' driver.
DEBUG - 2025-12-17 10:27:11 --> Session: Class initialized using 'CodeIgniter\Session\Handlers\FileHandler' driver.
DEBUG - 2025-12-17 10:31:42 --> Session: Class initialized using 'CodeIgniter\Session\Handlers\FileHandler' driver.
DEBUG - 2025-12-17 10:31:43 --> Session: Class initialized using 'CodeIgniter\Session\Handlers\FileHandler' driver.
DEBUG - 2025-12-17 10:31:48 --> Session: Class initialized using 'CodeIgniter\Session\Handlers\FileHandler' driver.
DEBUG - 2025-12-17 10:32:00 --> Session: Class initialized using 'CodeIgniter\Session\Handlers\FileHandler' driver.
DEBUG - 2025-12-17 10:32:06 --> Session: Class initialized using 'CodeIgniter\Session\Handlers\FileHandler' driver.
DEBUG - 2025-12-17 10:36:06 --> Session: Class initialized using 'CodeIgniter\Session\Handlers\FileHandler' driver.
DEBUG - 2025-12-17 10:36:11 --> Session: Class initialized using 'CodeIgniter\Session\Handlers\FileHandler' driver.
DEBUG - 2025-12-17 10:36:13 --> Session: Class initialized using 'CodeIgniter\Session\Handlers\FileHandler' driver.
DEBUG - 2025-12-17 10:58:04 --> Session: Class initialized using 'CodeIgniter\Session\Handlers\FileHandler' driver.
DEBUG - 2025-12-17 10:58:27 --> Session: Class initialized using 'CodeIgniter\Session\Handlers\FileHandler' driver.
DEBUG - 2025-12-17 10:58:27 --> Session: Class initialized using 'CodeIgniter\Session\Handlers\FileHandler' driver.
DEBUG - 2025-12-17 11:00:42 --> Session: Class initialized using 'CodeIgniter\Session\Handlers\FileHandler' driver.
DEBUG - 2025-12-17 11:00:44 --> Session: Class initialized using 'CodeIgniter\Session\Handlers\FileHandler' driver.
DEBUG - 2025-12-17 11:02:09 --> Session: Class initialized using 'CodeIgniter\Session\Handlers\FileHandler' driver.
DEBUG - 2025-12-17 11:02:15 --> Session: Class initialized using 'CodeIgniter\Session\Handlers\FileHandler' driver.
DEBUG - 2025-12-17 11:06:48 --> Session: Class initialized using 'CodeIgniter\Session\Handlers\FileHandler' driver.
DEBUG - 2025-12-17 11:06:53 --> Session: Class initialized using 'CodeIgniter\Session\Handlers\FileHandler' driver.
DEBUG - 2025-12-17 11:09:36 --> Session: Class initialized using 'CodeIgniter\Session\Handlers\FileHandler' driver.
DEBUG - 2025-12-17 11:09:40 --> Session: Class initialized using 'CodeIgniter\Session\Handlers\FileHandler' driver.
DEBUG - 2025-12-17 11:10:52 --> Session: Class initialized using 'CodeIgniter\Session\Handlers\FileHandler' driver.
DEBUG - 2025-12-17 11:53:28 --> Session: Class initialized using 'CodeIgniter\Session\Handlers\FileHandler' driver.
DEBUG - 2025-12-17 13:04:15 --> Session: Class initialized using 'CodeIgniter\Session\Handlers\FileHandler' driver.
DEBUG - 2025-12-17 13:04:22 --> Session: Class initialized using 'CodeIgniter\Session\Handlers\FileHandler' driver.
DEBUG - 2025-12-17 13:04:22 --> Session: Class initialized using 'CodeIgniter\Session\Handlers\FileHandler' driver.
DEBUG - 2025-12-17 13:19:42 --> Session: Class initialized using 'CodeIgniter\Session\Handlers\FileHandler' driver.
DEBUG - 2025-12-17 13:20:00 --> Session: Class initialized using 'CodeIgniter\Session\Handlers\FileHandler' driver.
DEBUG - 2025-12-17 13:21:37 --> Session: Class initialized using 'CodeIgniter\Session\Handlers\FileHandler' driver.
DEBUG - 2025-12-17 13:21:37 --> Session: Class initialized using 'CodeIgniter\Session\Handlers\FileHandler' driver.
DEBUG - 2025-12-17 13:24:47 --> Session: Class initialized using 'CodeIgniter\Session\Handlers\FileHandler' driver.
DEBUG - 2025-12-17 13:24:47 --> Session: Class initialized using 'CodeIgniter\Session\Handlers\FileHandler' driver.
DEBUG - 2025-12-17 13:24:52 --> Session: Class initialized using 'CodeIgniter\Session\Handlers\FileHandler' driver.
DEBUG - 2025-12-17 13:24:52 --> Session: Class initialized using 'CodeIgniter\Session\Handlers\FileHandler' driver.
DEBUG - 2025-12-17 13:27:04 --> Session: Class initialized using 'CodeIgniter\Session\Handlers\FileHandler' driver.
DEBUG - 2025-12-17 13:28:14 --> Session: Class initialized using 'CodeIgniter\Session\Handlers\FileHandler' driver.
DEBUG - 2025-12-17 13:28:17 --> Session: Class initialized using 'CodeIgniter\Session\Handlers\FileHandler' driver.
DEBUG - 2025-12-17 13:28:19 --> Session: Class initialized using 'CodeIgniter\Session\Handlers\FileHandler' driver.
DEBUG - 2025-12-17 13:28:26 --> Session: Class initialized using 'CodeIgniter\Session\Handlers\FileHandler' driver.
DEBUG - 2025-12-17 13:29:57 --> Session: Class initialized using 'CodeIgniter\Session\Handlers\FileHandler' driver.
DEBUG - 2025-12-17 13:29:59 --> Session: Class initialized using 'CodeIgniter\Session\Handlers\FileHandler' driver.
DEBUG - 2025-12-17 13:30:02 --> Session: Class initialized using 'CodeIgniter\Session\Handlers\FileHandler' driver.
DEBUG - 2025-12-17 13:30:45 --> Session: Class initialized using 'CodeIgniter\Session\Handlers\FileHandler' driver.
DEBUG - 2025-12-17 13:30:52 --> Session: Class initialized using 'CodeIgniter\Session\Handlers\FileHandler' driver.
DEBUG - 2025-12-17 13:30:54 --> Session: Class initialized using 'CodeIgniter\Session\Handlers\FileHandler' driver.
DEBUG - 2025-12-17 13:30:56 --> Session: Class initialized using 'CodeIgniter\Session\Handlers\FileHandler' driver.
DEBUG - 2025-12-17 13:31:10 --> Session: Class initialized using 'CodeIgniter\Session\Handlers\FileHandler' driver.
DEBUG - 2025-12-17 13:31:20 --> Session: Class initialized using 'CodeIgniter\Session\Handlers\FileHandler' driver.
DEBUG - 2025-12-17 13:31:23 --> Session: Class initialized using 'CodeIgniter\Session\Handlers\FileHandler' driver.
DEBUG - 2025-12-17 13:31:24 --> Session: Class initialized using 'CodeIgniter\Session\Handlers\FileHandler' driver.
